<?xml version="1.0" encoding="UTF-8"?>
<!-- Generated by org.testng.reporters.JUnitReportReporter -->
<testsuite hostname="HBPTester" failures="0" tests="1" name="TCases.Automation.BFIW" time="5.897" errors="0" timestamp="2025-02-20T16:06:05 IST" skipped="0">
  <testcase classname="TCases.Automation.BFIW" name="testBFIQuery" time="5.897"/>
  <system-out/>
</testsuite> <!-- TCases.Automation.BFIW -->
