<?xml version="1.0" encoding="UTF-8"?>
<!-- Generated by org.testng.reporters.JUnitReportReporter -->
<testsuite hostname="HBPTester" failures="0" tests="2" name="TCases.Automation.Description" time="34.689" errors="0" timestamp="2025-02-10T17:22:58 IST" skipped="0">
  <testcase classname="TCases.Automation.Description" name="login" time="14.760"/>
  <system-out/>
  <testcase classname="TCases.Automation.Description" name="table" time="19.929"/>
  <system-out/>
</testsuite> <!-- TCases.Automation.Description -->
