<?xml version="1.0" encoding="UTF-8"?>
<!-- Generated by org.testng.reporters.JUnitReportReporter -->
<testsuite hostname="HBPTester" failures="0" tests="1" name="TCases.Automation.BFI_Bio" time="4.066" errors="0" timestamp="2025-02-19T15:56:20 IST" skipped="0">
  <testcase classname="TCases.Automation.BFI_Bio" name="testBFIQuery" time="4.066"/>
  <system-out/>
</testsuite> <!-- TCases.Automation.BFI_Bio -->
