<?xml version="1.0" encoding="UTF-8"?>
<!-- Generated by org.testng.reporters.JUnitReportReporter -->
<testsuite hostname="HBPTester" failures="0" tests="2" name="TCases.Automation.FilterAnnotation1" time="59.487" errors="0" timestamp="2025-02-14T15:37:30 IST" skipped="0">
  <testcase classname="TCases.Automation.FilterAnnotation1" name="login" time="18.078"/>
  <system-out/>
  <testcase classname="TCases.Automation.FilterAnnotation1" name="filterAnnotation" time="41.409"/>
  <system-out/>
</testsuite> <!-- TCases.Automation.FilterAnnotation1 -->
