<?xml version="1.0" encoding="UTF-8"?>
<!-- Generated by org.testng.reporters.JUnitReportReporter -->
<testsuite hostname="HBPTester" failures="0" tests="2" name="TCases.Automation.Dashboard_Serieset_Validation" time="40.788" errors="0" timestamp="2025-02-11T15:35:32 IST" skipped="0">
  <testcase classname="TCases.Automation.Dashboard_Serieset_Validation" name="Login" time="24.636"/>
  <system-out/>
  <testcase classname="TCases.Automation.Dashboard_Serieset_Validation" name="table" time="16.152"/>
  <system-out/>
</testsuite> <!-- TCases.Automation.Dashboard_Serieset_Validation -->
