<?xml version="1.0" encoding="UTF-8"?>
<!-- Generated by org.testng.reporters.JUnitReportReporter -->
<testsuite hostname="HBPTester" failures="0" tests="2" name="TCases.Automation.Dashboard_Serieset_Validation" time="41.235" errors="0" timestamp="2025-02-18T16:16:35 IST" skipped="0">
  <testcase classname="TCases.Automation.Dashboard_Serieset_Validation" name="Login" time="25.416"/>
  <system-out/>
  <testcase classname="TCases.Automation.Dashboard_Serieset_Validation" name="table" time="15.819"/>
  <system-out/>
</testsuite> <!-- TCases.Automation.Dashboard_Serieset_Validation -->
