<?xml version="1.0" encoding="UTF-8"?>
<!-- Generated by org.testng.reporters.JUnitReportReporter -->
<testsuite hostname="HBPTester" failures="0" tests="2" name="TCases.Automation.dbquery" time="36.405" errors="0" timestamp="2025-02-15T11:03:26 IST" skipped="0">
  <testcase classname="TCases.Automation.dbquery" name="login" time="15.254"/>
  <system-out/>
  <testcase classname="TCases.Automation.dbquery" name="analyticsEngine" time="21.151"/>
  <system-out/>
</testsuite> <!-- TCases.Automation.dbquery -->
