<?xml version="1.0" encoding="UTF-8"?>
<!-- Generated by org.testng.reporters.JUnitReportReporter -->
<testsuite hostname="HBPTester" failures="0" tests="5" name="TCases.Automation.Timestamp_download" time="63.569" errors="0" timestamp="2025-02-12T13:28:51 IST" skipped="0">
  <testcase classname="TCases.Automation.Timestamp_download" name="Login" time="24.222"/>
  <system-out/>
  <testcase classname="TCases.Automation.Timestamp_download" name="table1" time="11.383"/>
  <system-out/>
  <testcase classname="TCases.Automation.Timestamp_download" name="Direct_Draw_page" time="6.369"/>
  <system-out/>
  <testcase classname="TCases.Automation.Timestamp_download" name="search" time="6.411"/>
  <system-out/>
  <testcase classname="TCases.Automation.Timestamp_download" name="drawSquareInMiddle" time="15.184"/>
  <system-out/>
</testsuite> <!-- TCases.Automation.Timestamp_download -->
