<?xml version="1.0" encoding="UTF-8"?>
<!-- Generated by org.testng.reporters.JUnitReportReporter -->
<testsuite hostname="HBPTester" failures="0" tests="1" name="TCases.Automation.BFI_Bio" time="0.008" errors="0" timestamp="2025-02-20T15:55:05 IST" skipped="0">
  <testcase classname="TCases.Automation.BFI_Bio" name="testBFIQuery" time="0.008"/>
  <system-out/>
</testsuite> <!-- TCases.Automation.BFI_Bio -->
