<?xml version="1.0" encoding="UTF-8"?>
<!-- Generated by org.testng.reporters.JUnitReportReporter -->
<testsuite hostname="HBPTester" failures="0" tests="2" name="TCases.Automation.Annotation_Json" time="50.311" errors="0" timestamp="2025-02-10T16:28:13 IST" skipped="0">
  <testcase classname="TCases.Automation.Annotation_Json" name="login" time="15.205"/>
  <system-out/>
  <testcase classname="TCases.Automation.Annotation_Json" name="table" time="35.106"/>
  <system-out/>
</testsuite> <!-- TCases.Automation.Annotation_Json -->
