<?xml version="1.0" encoding="UTF-8"?>
<!-- Generated by org.testng.reporters.JUnitReportReporter -->
<testsuite hostname="HBPTester" failures="0" tests="2" name="TCases.Automation.FilterAnnotation" time="54.433" errors="0" timestamp="2025-02-11T15:58:15 IST" skipped="0">
  <testcase classname="TCases.Automation.FilterAnnotation" name="login" time="13.263"/>
  <system-out/>
  <testcase classname="TCases.Automation.FilterAnnotation" name="filterAnnotation" time="41.170"/>
  <system-out/>
</testsuite> <!-- TCases.Automation.FilterAnnotation -->
